  Performing Custom Build Tools
  Performing Custom Build Tools
  Performing Custom Build Tools
  Performing Custom Build Tools
  FireEmitter.cpp
  Light.cpp
  LightManager.cpp
  main.cpp
  MaterialManager.cpp
  MeshManager.cpp
  Object.cpp
  ParticleEmitter.cpp
  ParticleManager.cpp
  PostProcessing.cpp
  TextureManager.cpp
  Generating code
  1899 of 3189 functions (59.5%) were compiled, the rest were copied from previous compilation.
    699 functions were new in current compilation
    185 functions had inline decision re-evaluated but remain unchanged
  Finished generating code
  dome-diorama.vcxproj -> D:\Files\Documents\AProjects\CPP\dome-diorama\dome-diorama\x64\Release\dome-diorama.exe
